\BOOKMARK [1][-]{section.1}{\376\377\173\054\116\000\230\230\377\032\145\160\143\156\136\223\166\204\122\033\136\372}{}% 1
\BOOKMARK [2][-]{subsection.1.1}{\376\377\230\230\166\356}{section.1}% 2
\BOOKMARK [2][-]{subsection.1.2}{\376\377\211\343\147\220}{section.1}% 3
\BOOKMARK [2][-]{subsection.1.3}{\376\377\167\345\213\306\160\271\142\323\134\125}{section.1}% 4
\BOOKMARK [3][-]{subsubsection.1.3.1}{\376\377\145\160\143\156\136\223\145\345\137\327\166\204\117\134\165\050}{subsection.1.3}% 5
\BOOKMARK [3][-]{subsubsection.1.3.2}{\376\377\130\236\225\177\220\037\136\246\166\204\213\276\177\156}{subsection.1.3}% 6
\BOOKMARK [1][-]{section.2}{\376\377\173\054\116\214\230\230\377\032\211\306\126\376\116\016\175\042\137\025}{}% 7
\BOOKMARK [2][-]{subsection.2.1}{\376\377\230\230\166\356}{section.2}% 8
\BOOKMARK [2][-]{subsection.2.2}{\376\377\211\343\147\220}{section.2}% 9
\BOOKMARK [3][-]{subsubsection.2.2.1}{\376\377\173\054\116\000\225\356}{subsection.2.2}% 10
\BOOKMARK [3][-]{subsubsection.2.2.2}{\376\377\173\054\116\214\225\356}{subsection.2.2}% 11
\BOOKMARK [3][-]{subsubsection.2.2.3}{\376\377\173\054\116\011\225\356}{subsection.2.2}% 12
\BOOKMARK [2][-]{subsection.2.3}{\376\377\167\345\213\306\160\271\142\323\134\125}{section.2}% 13
\BOOKMARK [3][-]{subsubsection.2.3.1}{\376\377\175\042\137\025\174\173\127\213\123\312\162\171\137\201}{subsection.2.3}% 14
\BOOKMARK [3][-]{subsubsection.2.3.2}{\376\377\175\042\137\025\117\177\165\050\123\237\122\031}{subsection.2.3}% 15
\BOOKMARK [3][-]{subsubsection.2.3.3}{\376\377\175\042\137\025\166\204\173\241\164\006\145\271\137\017}{subsection.2.3}% 16
\BOOKMARK [3][-]{subsubsection.2.3.4}{\376\377\221\315\124\175\124\015\175\042\137\025}{subsection.2.3}% 17
\BOOKMARK [1][-]{section.3}{\376\377\173\054\116\011\230\230\377\032\211\346\123\321\126\150}{}% 18
\BOOKMARK [2][-]{subsection.3.1}{\376\377\230\230\166\356}{section.3}% 19
\BOOKMARK [2][-]{subsection.3.2}{\376\377\211\343\147\220}{section.3}% 20
\BOOKMARK [3][-]{subsubsection.3.2.1}{\376\377\225\356\230\230\116\000}{subsection.3.2}% 21
\BOOKMARK [3][-]{subsubsection.3.2.2}{\376\377\225\356\230\230\116\214}{subsection.3.2}% 22
\BOOKMARK [3][-]{subsubsection.3.2.3}{\376\377\225\356\230\230\116\011}{subsection.3.2}% 23
\BOOKMARK [3][-]{subsubsection.3.2.4}{\376\377\225\356\230\230\126\333}{subsection.3.2}% 24
\BOOKMARK [2][-]{subsection.3.3}{\376\377\167\345\213\306\160\271\142\323\134\125}{section.3}% 25
\BOOKMARK [3][-]{subsubsection.3.3.1}{\376\377\147\345\167\013\211\346\123\321\126\150}{subsection.3.3}% 26
\BOOKMARK [3][-]{subsubsection.3.3.2}{\376\377\122\040\226\144\211\346\123\321\126\150}{subsection.3.3}% 27
\BOOKMARK [1][-]{section.4}{\376\377\173\054\126\333\230\230\377\032\145\160\143\156\210\150\166\204\122\033\136\372\116\016\117\356\145\071}{}% 28
\BOOKMARK [2][-]{subsection.4.1}{\376\377\230\230\166\356}{section.4}% 29
\BOOKMARK [2][-]{subsection.4.2}{\376\377\211\343\147\220}{section.4}% 30
\BOOKMARK [3][-]{subsubsection.4.2.1}{\376\377\225\356\230\230\116\000\377\032\122\033\136\372\210\150}{subsection.4.2}% 31
\BOOKMARK [3][-]{subsubsection.4.2.2}{\376\377\225\356\230\230\116\214\377\032\155\373\122\240\122\027}{subsection.4.2}% 32
\BOOKMARK [3][-]{subsubsection.4.2.3}{\376\377\225\356\230\230\116\011\377\032\213\276\177\156\116\073\225\056}{subsection.4.2}% 33
\BOOKMARK [3][-]{subsubsection.4.2.4}{\376\377\225\356\230\230\126\333\377\032\213\276\177\156\131\026\225\056}{subsection.4.2}% 34
\BOOKMARK [2][-]{subsection.4.3}{\376\377\167\345\213\306\160\271\142\323\134\125}{section.4}% 35
\BOOKMARK [3][-]{subsubsection.4.3.1}{\376\377\125\057\116\000\176\246\147\137}{subsection.4.3}% 36
\BOOKMARK [3][-]{subsubsection.4.3.2}{\376\377\150\300\147\345\176\246\147\137}{subsection.4.3}% 37
\BOOKMARK [3][-]{subsubsection.4.3.3}{\376\377\236\330\213\244\120\074\176\246\147\137}{subsection.4.3}% 38
\BOOKMARK [3][-]{subsubsection.4.3.4}{\376\377\176\246\147\137\171\201\165\050\124\214\124\057\165\050}{subsection.4.3}% 39
\BOOKMARK [1][-]{section.5}{\376\377\173\054\116\224\230\230\377\032\156\070\150\007\166\204\122\033\136\372\116\016\117\177\165\050}{}% 40
\BOOKMARK [2][-]{subsection.5.1}{\376\377\230\230\166\356}{section.5}% 41
\BOOKMARK [2][-]{subsection.5.2}{\376\377\211\343\147\220}{section.5}% 42
\BOOKMARK [3][-]{subsubsection.5.2.1}{\376\377\122\033\136\372\156\070\150\007}{subsection.5.2}% 43
\BOOKMARK [3][-]{subsubsection.5.2.2}{\376\377\142\123\137\000\156\070\150\007}{subsection.5.2}% 44
\BOOKMARK [3][-]{subsubsection.5.2.3}{\376\377\213\373\123\326\156\070\150\007}{subsection.5.2}% 45
\BOOKMARK [3][-]{subsubsection.5.2.4}{\376\377\230\230\166\356\211\343\173\124}{subsection.5.2}% 46
\BOOKMARK [1][-]{section.6}{\376\377\173\054\121\155\230\230\377\032\133\130\120\250\217\307\172\013}{}% 47
\BOOKMARK [2][-]{subsection.6.1}{\376\377\230\230\166\356}{section.6}% 48
\BOOKMARK [2][-]{subsection.6.2}{\376\377\211\343\147\220}{section.6}% 49
\BOOKMARK [3][-]{subsubsection.6.2.1}{\376\377\133\130\120\250\217\307\172\013\166\204\122\033\136\372}{subsection.6.2}% 50
\BOOKMARK [3][-]{subsubsection.6.2.2}{\376\377\133\130\120\250\217\307\172\013\166\204\142\147\210\114}{subsection.6.2}% 51
\BOOKMARK [3][-]{subsubsection.6.2.3}{\376\377\225\356\230\230\116\000}{subsection.6.2}% 52
\BOOKMARK [3][-]{subsubsection.6.2.4}{\376\377\225\356\230\230\116\214}{subsection.6.2}% 53
\BOOKMARK [3][-]{subsubsection.6.2.5}{\376\377\225\356\230\230\116\011}{subsection.6.2}% 54
\BOOKMARK [3][-]{subsubsection.6.2.6}{\376\377\225\356\230\230\126\333}{subsection.6.2}% 55
\BOOKMARK [3][-]{subsubsection.6.2.7}{\376\377\225\356\230\230\116\224}{subsection.6.2}% 56
\BOOKMARK [3][-]{subsubsection.6.2.8}{\376\377\225\356\230\230\121\155}{subsection.6.2}% 57
\BOOKMARK [2][-]{subsection.6.3}{\376\377\167\345\213\306\160\271\142\323\134\125}{section.6}% 58
\BOOKMARK [3][-]{subsubsection.6.3.1}{\376\377\147\345\167\013\133\130\120\250\217\307\172\013}{subsection.6.3}% 59
\BOOKMARK [3][-]{subsubsection.6.3.2}{\376\377\122\040\226\144\165\050\142\067\133\130\120\250\217\307\172\013}{subsection.6.3}% 60
\BOOKMARK [3][-]{subsubsection.6.3.3}{\376\377\117\356\145\071\133\130\120\250\217\307\172\013}{subsection.6.3}% 61
\BOOKMARK [1][-]{section.7}{\376\377\173\054\116\003\230\230\377\032\133\211\121\150\173\241\164\006}{}% 62
\BOOKMARK [2][-]{subsection.7.1}{\376\377\230\230\166\356}{section.7}% 63
\BOOKMARK [2][-]{subsection.7.2}{\376\377\211\343\147\220}{section.7}% 64
\BOOKMARK [3][-]{subsubsection.7.2.1}{\376\377\225\356\230\230\116\000}{subsection.7.2}% 65
\BOOKMARK [3][-]{subsubsection.7.2.2}{\376\377\225\356\230\230\116\214}{subsection.7.2}% 66
\BOOKMARK [3][-]{subsubsection.7.2.3}{\376\377\225\356\230\230\116\011}{subsection.7.2}% 67
\BOOKMARK [3][-]{subsubsection.7.2.4}{\376\377\225\356\230\230\126\333}{subsection.7.2}% 68
\BOOKMARK [3][-]{subsubsection.7.2.5}{\376\377\225\356\230\230\116\224}{subsection.7.2}% 69
\BOOKMARK [2][-]{subsection.7.3}{\376\377\167\345\213\306\160\271\142\323\134\125}{section.7}% 70
\BOOKMARK [3][-]{subsubsection.7.3.1}{\376\377\216\253\116\375\232\214\213\301\152\041\137\017}{subsection.7.3}% 71
\BOOKMARK [3][-]{subsubsection.7.3.2}{\376\377\147\015\122\241\126\150\211\322\202\162}{subsection.7.3}% 72
\BOOKMARK [3][-]{subsubsection.7.3.3}{\376\377\145\160\143\156\136\223\211\322\202\162}{subsection.7.3}% 73
